Flow report for 4_qsim
Wed Nov 20 19:16:47 2019
Quartus II 64-Bit Version 13.0.1 Build 232 06/12/2013 Service Pack 1 SJ Full Version


---------------------
; Table of Contents ;
---------------------
  1. Legal Notice
  2. Flow Summary
  3. Flow Settings
  4. Flow Non-Default Global Settings
  5. Flow Elapsed Time
  6. Flow OS Summary
  7. Flow Log
  8. Flow Messages
  9. Flow Suppressed Messages



----------------
; Legal Notice ;
----------------
Copyright (C) 1991-2013 Altera Corporation
Your use of Altera Corporation's design tools, logic functions 
and other software and tools, and its AMPP partner logic 
functions, and any output files from any of the foregoing 
(including device programming or simulation files), and any 
associated documentation or information are expressly subject 
to the terms and conditions of the Altera Program License 
Subscription Agreement, Altera MegaCore Function License 
Agreement, or other applicable license agreement, including, 
without limitation, that your use is for the sole purpose of 
programming logic devices manufactured by Altera and sold by 
Altera or its authorized distributors.  Please refer to the 
applicable agreement for further details.



+---------------------------------------------------------------------------------------+
; Flow Summary                                                                          ;
+------------------------------------+--------------------------------------------------+
; Flow Status                        ; Successful - Wed Nov 20 19:16:47 2019            ;
; Quartus II 64-Bit Version          ; 13.0.1 Build 232 06/12/2013 SP 1 SJ Full Version ;
; Revision Name                      ; 4_qsim                                           ;
; Top-level Entity Name              ; 4                                                ;
; Family                             ; Cyclone III                                      ;
; Total logic elements               ; 435 / 5,136 ( 8 % )                              ;
;     Total combinational functions  ; 399 / 5,136 ( 8 % )                              ;
;     Dedicated logic registers      ; 156 / 5,136 ( 3 % )                              ;
; Total registers                    ; 156                                              ;
; Total pins                         ; 54 / 183 ( 30 % )                                ;
; Total virtual pins                 ; 0                                                ;
; Total memory bits                  ; 2,048 / 423,936 ( < 1 % )                        ;
; Embedded Multiplier 9-bit elements ; 0 / 46 ( 0 % )                                   ;
; Total PLLs                         ; 0 / 2 ( 0 % )                                    ;
; Device                             ; EP3C5F256C6                                      ;
; Timing Models                      ; Final                                            ;
+------------------------------------+--------------------------------------------------+


+-----------------------------------------+
; Flow Settings                           ;
+-------------------+---------------------+
; Option            ; Setting             ;
+-------------------+---------------------+
; Start date & time ; 11/20/2019 19:16:10 ;
; Main task         ; Compilation         ;
; Revision Name     ; 4_qsim              ;
+-------------------+---------------------+


+----------------------------------------------------------------------------------------------------------------------+
; Flow Non-Default Global Settings                                                                                     ;
+-------------------------------------+---------------------------------+---------------+-------------+----------------+
; Assignment Name                     ; Value                           ; Default Value ; Entity Name ; Section Id     ;
+-------------------------------------+---------------------------------+---------------+-------------+----------------+
; COMPILER_SIGNATURE_ID               ; 172308999759592.157424856906704 ; --            ; --          ; --             ;
; EDA_GENERATE_FUNCTIONAL_NETLIST     ; On                              ; --            ; --          ; eda_simulation ;
; EDA_OUTPUT_DATA_FORMAT              ; Verilog Hdl                     ; --            ; --          ; eda_simulation ;
; EDA_SIMULATION_TOOL                 ; ModelSim-Altera (Verilog)       ; <None>        ; --          ; --             ;
; IP_TOOL_NAME                        ; LPM_MULT                        ; --            ; --          ; --             ;
; IP_TOOL_NAME                        ; LPM_DIVIDE                      ; --            ; --          ; --             ;
; IP_TOOL_VERSION                     ; 13.0                            ; --            ; --          ; --             ;
; IP_TOOL_VERSION                     ; 13.0                            ; --            ; --          ; --             ;
; MAX_CORE_JUNCTION_TEMP              ; 85                              ; --            ; --          ; --             ;
; MIN_CORE_JUNCTION_TEMP              ; 0                               ; --            ; --          ; --             ;
; MISC_FILE                           ; mul.bsf                         ; --            ; --          ; --             ;
; MISC_FILE                           ; mul.cmp                         ; --            ; --          ; --             ;
; MISC_FILE                           ; div.bsf                         ; --            ; --          ; --             ;
; MISC_FILE                           ; div.cmp                         ; --            ; --          ; --             ;
; PARTITION_COLOR                     ; 16764057                        ; --            ; 4           ; Top            ;
; PARTITION_FITTER_PRESERVATION_LEVEL ; PLACEMENT_AND_ROUTING           ; --            ; 4           ; Top            ;
; PARTITION_NETLIST_TYPE              ; SOURCE                          ; --            ; 4           ; Top            ;
; TOP_LEVEL_ENTITY                    ; 4                               ; 4_qsim        ; --          ; --             ;
+-------------------------------------+---------------------------------+---------------+-------------+----------------+


+-------------------------------------------------------------------------------------------------------------------------------+
; Flow Elapsed Time                                                                                                             ;
+---------------------------+--------------+-------------------------+---------------------+------------------------------------+
; Module Name               ; Elapsed Time ; Average Processors Used ; Peak Virtual Memory ; Total CPU Time (on all processors) ;
+---------------------------+--------------+-------------------------+---------------------+------------------------------------+
; Analysis & Synthesis      ; 00:00:09     ; 1.0                     ; 4678 MB             ; 00:00:09                           ;
; Fitter                    ; 00:00:12     ; 1.9                     ; 5288 MB             ; 00:00:12                           ;
; Assembler                 ; 00:00:03     ; 1.0                     ; 4547 MB             ; 00:00:03                           ;
; TimeQuest Timing Analyzer ; 00:00:06     ; 1.0                     ; 4632 MB             ; 00:00:05                           ;
; EDA Netlist Writer        ; 00:00:01     ; 1.0                     ; 4517 MB             ; 00:00:01                           ;
; Total                     ; 00:00:31     ; --                      ; --                  ; 00:00:30                           ;
+---------------------------+--------------+-------------------------+---------------------+------------------------------------+


+----------------------------------------------------------------------------------------+
; Flow OS Summary                                                                        ;
+---------------------------+------------------+-----------+------------+----------------+
; Module Name               ; Machine Hostname ; OS Name   ; OS Version ; Processor type ;
+---------------------------+------------------+-----------+------------+----------------+
; Analysis & Synthesis      ; DESKTOP-K5NOAKB  ; Windows 7 ; 6.2        ; x86_64         ;
; Fitter                    ; DESKTOP-K5NOAKB  ; Windows 7 ; 6.2        ; x86_64         ;
; Assembler                 ; DESKTOP-K5NOAKB  ; Windows 7 ; 6.2        ; x86_64         ;
; TimeQuest Timing Analyzer ; DESKTOP-K5NOAKB  ; Windows 7 ; 6.2        ; x86_64         ;
; EDA Netlist Writer        ; DESKTOP-K5NOAKB  ; Windows 7 ; 6.2        ; x86_64         ;
+---------------------------+------------------+-----------+------------+----------------+


------------
; Flow Log ;
------------
quartus_map --read_settings_files=on --write_settings_files=off 4 -c 4_qsim
quartus_fit --read_settings_files=off --write_settings_files=off 4 -c 4_qsim
quartus_asm --read_settings_files=off --write_settings_files=off 4 -c 4_qsim
quartus_sta 4 -c 4_qsim
quartus_eda --read_settings_files=off --write_settings_files=off 4 -c 4_qsim



