Analysis & Synthesis report for 4_qsim
Wed Nov 20 19:16:19 2019
Quartus II 64-Bit Version 13.0.1 Build 232 06/12/2013 Service Pack 1 SJ Full Version


---------------------
; Table of Contents ;
---------------------
  1. Legal Notice
  2. Analysis & Synthesis Summary
  3. Analysis & Synthesis Settings
  4. Parallel Compilation
  5. Analysis & Synthesis Source Files Read
  6. Analysis & Synthesis Resource Usage Summary
  7. Analysis & Synthesis Resource Utilization by Entity
  8. Analysis & Synthesis RAM Summary
  9. Analysis & Synthesis IP Cores Summary
 10. Registers Removed During Synthesis
 11. General Register Statistics
 12. Inverted Register Statistics
 13. Multiplexer Restructuring Statistics (Restructuring Performed)
 14. Source assignments for RAM:inst14|altsyncram:altsyncram_component|altsyncram_6pj1:auto_generated|altsyncram_42a2:altsyncram1
 15. Parameter Settings for User Entity Instance: timing:inst996|mod5:inst100|74161:inst
 16. Parameter Settings for User Entity Instance: RAM:inst14|altsyncram:altsyncram_component
 17. Parameter Settings for User Entity Instance: div:inst20|lpm_divide:LPM_DIVIDE_component
 18. altsyncram Parameter Settings by Entity Instance
 19. In-System Memory Content Editor Settings
 20. Elapsed Time Per Partition
 21. Analysis & Synthesis Messages



----------------
; Legal Notice ;
----------------
Copyright (C) 1991-2013 Altera Corporation
Your use of Altera Corporation's design tools, logic functions 
and other software and tools, and its AMPP partner logic 
functions, and any output files from any of the foregoing 
(including device programming or simulation files), and any 
associated documentation or information are expressly subject 
to the terms and conditions of the Altera Program License 
Subscription Agreement, Altera MegaCore Function License 
Agreement, or other applicable license agreement, including, 
without limitation, that your use is for the sole purpose of 
programming logic devices manufactured by Altera and sold by 
Altera or its authorized distributors.  Please refer to the 
applicable agreement for further details.



+---------------------------------------------------------------------------------------+
; Analysis & Synthesis Summary                                                          ;
+------------------------------------+--------------------------------------------------+
; Analysis & Synthesis Status        ; Successful - Wed Nov 20 19:16:19 2019            ;
; Quartus II 64-Bit Version          ; 13.0.1 Build 232 06/12/2013 SP 1 SJ Full Version ;
; Revision Name                      ; 4_qsim                                           ;
; Top-level Entity Name              ; 4                                                ;
; Family                             ; Cyclone III                                      ;
; Total logic elements               ; 452                                              ;
;     Total combinational functions  ; 399                                              ;
;     Dedicated logic registers      ; 156                                              ;
; Total registers                    ; 156                                              ;
; Total pins                         ; 54                                               ;
; Total virtual pins                 ; 0                                                ;
; Total memory bits                  ; 2,048                                            ;
; Embedded Multiplier 9-bit elements ; 0                                                ;
; Total PLLs                         ; 0                                                ;
+------------------------------------+--------------------------------------------------+


+----------------------------------------------------------------------------------------------------------------------+
; Analysis & Synthesis Settings                                                                                        ;
+----------------------------------------------------------------------------+--------------------+--------------------+
; Option                                                                     ; Setting            ; Default Value      ;
+----------------------------------------------------------------------------+--------------------+--------------------+
; Top-level entity name                                                      ; 4                  ; 4_qsim             ;
; Family name                                                                ; Cyclone III        ; Cyclone IV GX      ;
; Use smart compilation                                                      ; Off                ; Off                ;
; Enable parallel Assembler and TimeQuest Timing Analyzer during compilation ; On                 ; On                 ;
; Enable compact report table                                                ; Off                ; Off                ;
; Restructure Multiplexers                                                   ; Auto               ; Auto               ;
; Create Debugging Nodes for IP Cores                                        ; Off                ; Off                ;
; Preserve fewer node names                                                  ; On                 ; On                 ;
; Disable OpenCore Plus hardware evaluation                                  ; Off                ; Off                ;
; Verilog Version                                                            ; Verilog_2001       ; Verilog_2001       ;
; VHDL Version                                                               ; VHDL_1993          ; VHDL_1993          ;
; State Machine Processing                                                   ; Auto               ; Auto               ;
; Safe State Machine                                                         ; Off                ; Off                ;
; Extract Verilog State Machines                                             ; On                 ; On                 ;
; Extract VHDL State Machines                                                ; On                 ; On                 ;
; Ignore Verilog initial constructs                                          ; Off                ; Off                ;
; Iteration limit for constant Verilog loops                                 ; 5000               ; 5000               ;
; Iteration limit for non-constant Verilog loops                             ; 250                ; 250                ;
; Add Pass-Through Logic to Inferred RAMs                                    ; On                 ; On                 ;
; Infer RAMs from Raw Logic                                                  ; On                 ; On                 ;
; Parallel Synthesis                                                         ; On                 ; On                 ;
; DSP Block Balancing                                                        ; Auto               ; Auto               ;
; NOT Gate Push-Back                                                         ; On                 ; On                 ;
; Power-Up Don't Care                                                        ; On                 ; On                 ;
; Remove Redundant Logic Cells                                               ; Off                ; Off                ;
; Remove Duplicate Registers                                                 ; On                 ; On                 ;
; Ignore CARRY Buffers                                                       ; Off                ; Off                ;
; Ignore CASCADE Buffers                                                     ; Off                ; Off                ;
; Ignore GLOBAL Buffers                                                      ; Off                ; Off                ;
; Ignore ROW GLOBAL Buffers                                                  ; Off                ; Off                ;
; Ignore LCELL Buffers                                                       ; Off                ; Off                ;
; Ignore SOFT Buffers                                                        ; On                 ; On                 ;
; Limit AHDL Integers to 32 Bits                                             ; Off                ; Off                ;
; Optimization Technique                                                     ; Balanced           ; Balanced           ;
; Carry Chain Length                                                         ; 70                 ; 70                 ;
; Auto Carry Chains                                                          ; On                 ; On                 ;
; Auto Open-Drain Pins                                                       ; On                 ; On                 ;
; Perform WYSIWYG Primitive Resynthesis                                      ; Off                ; Off                ;
; Auto ROM Replacement                                                       ; On                 ; On                 ;
; Auto RAM Replacement                                                       ; On                 ; On                 ;
; Auto DSP Block Replacement                                                 ; On                 ; On                 ;
; Auto Shift Register Replacement                                            ; Auto               ; Auto               ;
; Allow Shift Register Merging across Hierarchies                            ; Auto               ; Auto               ;
; Auto Clock Enable Replacement                                              ; On                 ; On                 ;
; Strict RAM Replacement                                                     ; Off                ; Off                ;
; Allow Synchronous Control Signals                                          ; On                 ; On                 ;
; Force Use of Synchronous Clear Signals                                     ; Off                ; Off                ;
; Auto RAM Block Balancing                                                   ; On                 ; On                 ;
; Auto RAM to Logic Cell Conversion                                          ; Off                ; Off                ;
; Auto Resource Sharing                                                      ; Off                ; Off                ;
; Allow Any RAM Size For Recognition                                         ; Off                ; Off                ;
; Allow Any ROM Size For Recognition                                         ; Off                ; Off                ;
; Allow Any Shift Register Size For Recognition                              ; Off                ; Off                ;
; Use LogicLock Constraints during Resource Balancing                        ; On                 ; On                 ;
; Ignore translate_off and synthesis_off directives                          ; Off                ; Off                ;
; Timing-Driven Synthesis                                                    ; On                 ; On                 ;
; Report Parameter Settings                                                  ; On                 ; On                 ;
; Report Source Assignments                                                  ; On                 ; On                 ;
; Report Connectivity Checks                                                 ; On                 ; On                 ;
; Ignore Maximum Fan-Out Assignments                                         ; Off                ; Off                ;
; Synchronization Register Chain Length                                      ; 2                  ; 2                  ;
; PowerPlay Power Optimization                                               ; Normal compilation ; Normal compilation ;
; HDL message level                                                          ; Level2             ; Level2             ;
; Suppress Register Optimization Related Messages                            ; Off                ; Off                ;
; Number of Removed Registers Reported in Synthesis Report                   ; 5000               ; 5000               ;
; Number of Swept Nodes Reported in Synthesis Report                         ; 5000               ; 5000               ;
; Number of Inverted Registers Reported in Synthesis Report                  ; 100                ; 100                ;
; Clock MUX Protection                                                       ; On                 ; On                 ;
; Auto Gated Clock Conversion                                                ; Off                ; Off                ;
; Block Design Naming                                                        ; Auto               ; Auto               ;
; SDC constraint protection                                                  ; Off                ; Off                ;
; Synthesis Effort                                                           ; Auto               ; Auto               ;
; Shift Register Replacement - Allow Asynchronous Clear Signal               ; On                 ; On                 ;
; Pre-Mapping Resynthesis Optimization                                       ; Off                ; Off                ;
; Analysis & Synthesis Message Level                                         ; Medium             ; Medium             ;
; Disable Register Merging Across Hierarchies                                ; Auto               ; Auto               ;
; Resource Aware Inference For Block RAM                                     ; On                 ; On                 ;
; Synthesis Seed                                                             ; 1                  ; 1                  ;
+----------------------------------------------------------------------------+--------------------+--------------------+


+------------------------------------------+
; Parallel Compilation                     ;
+----------------------------+-------------+
; Processors                 ; Number      ;
+----------------------------+-------------+
; Number detected on machine ; 8           ;
; Maximum allowed            ; 4           ;
;                            ;             ;
; Average used               ; 1.00        ;
; Maximum used               ; 1           ;
;                            ;             ;
; Usage by Processor         ; % Time Used ;
;     Processor 1            ; 100.0%      ;
;     Processors 2-8         ;   0.0%      ;
+----------------------------+-------------+


+--------------------------------------------------------------------------------------------------------------------------------------------------------------------------------+
; Analysis & Synthesis Source Files Read                                                                                                                                         ;
+----------------------------------+-----------------+------------------------------------------+----------------------------------------------------------------------+---------+
; File Name with User-Entered Path ; Used in Netlist ; File Type                                ; File Name with Absolute Path                                         ; Library ;
+----------------------------------+-----------------+------------------------------------------+----------------------------------------------------------------------+---------+
; div.vhd                          ; yes             ; User Wizard-Generated File               ; C:/Users/62358/Desktop/4/div.vhd                                     ;         ;
; 4.bdf                            ; yes             ; Auto-Found Block Diagram/Schematic File  ; C:/Users/62358/Desktop/4/4.bdf                                       ;         ;
; control.bdf                      ; yes             ; Auto-Found Block Diagram/Schematic File  ; C:/Users/62358/Desktop/4/control.bdf                                 ;         ;
; timing.bdf                       ; yes             ; Auto-Found Block Diagram/Schematic File  ; C:/Users/62358/Desktop/4/timing.bdf                                  ;         ;
; 74138.bdf                        ; yes             ; Megafunction                             ; c:/ide/quartus/quartus/libraries/others/maxplus2/74138.bdf           ;         ;
; mod5.bdf                         ; yes             ; Auto-Found Block Diagram/Schematic File  ; C:/Users/62358/Desktop/4/mod5.bdf                                    ;         ;
; 74161.tdf                        ; yes             ; Megafunction                             ; c:/ide/quartus/quartus/libraries/others/maxplus2/74161.tdf           ;         ;
; aglobal.inc                      ; yes             ; Megafunction                             ; c:/ide/quartus/quartus/libraries/megafunctions/aglobal.inc           ;         ;
; f74161.bdf                       ; yes             ; Megafunction                             ; c:/ide/quartus/quartus/libraries/others/maxplus2/f74161.bdf          ;         ;
; 74154.bdf                        ; yes             ; Megafunction                             ; c:/ide/quartus/quartus/libraries/others/maxplus2/74154.bdf           ;         ;
; 74273.bdf                        ; yes             ; Megafunction                             ; c:/ide/quartus/quartus/libraries/others/maxplus2/74273.bdf           ;         ;
; choose.bdf                       ; yes             ; Auto-Found Block Diagram/Schematic File  ; C:/Users/62358/Desktop/4/choose.bdf                                  ;         ;
; alu.bdf                          ; yes             ; Auto-Found Block Diagram/Schematic File  ; C:/Users/62358/Desktop/4/alu.bdf                                     ;         ;
; 74181.bdf                        ; yes             ; Megafunction                             ; c:/ide/quartus/quartus/libraries/others/maxplus2/74181.bdf           ;         ;
; select.bdf                       ; yes             ; Auto-Found Block Diagram/Schematic File  ; C:/Users/62358/Desktop/4/select.bdf                                  ;         ;
; ram.vhd                          ; yes             ; Auto-Found Wizard-Generated File         ; C:/Users/62358/Desktop/4/ram.vhd                                     ;         ;
; altsyncram.tdf                   ; yes             ; Megafunction                             ; c:/ide/quartus/quartus/libraries/megafunctions/altsyncram.tdf        ;         ;
; stratix_ram_block.inc            ; yes             ; Megafunction                             ; c:/ide/quartus/quartus/libraries/megafunctions/stratix_ram_block.inc ;         ;
; lpm_mux.inc                      ; yes             ; Megafunction                             ; c:/ide/quartus/quartus/libraries/megafunctions/lpm_mux.inc           ;         ;
; lpm_decode.inc                   ; yes             ; Megafunction                             ; c:/ide/quartus/quartus/libraries/megafunctions/lpm_decode.inc        ;         ;
; aglobal130.inc                   ; yes             ; Megafunction                             ; c:/ide/quartus/quartus/libraries/megafunctions/aglobal130.inc        ;         ;
; a_rdenreg.inc                    ; yes             ; Megafunction                             ; c:/ide/quartus/quartus/libraries/megafunctions/a_rdenreg.inc         ;         ;
; altrom.inc                       ; yes             ; Megafunction                             ; c:/ide/quartus/quartus/libraries/megafunctions/altrom.inc            ;         ;
; altram.inc                       ; yes             ; Megafunction                             ; c:/ide/quartus/quartus/libraries/megafunctions/altram.inc            ;         ;
; altdpram.inc                     ; yes             ; Megafunction                             ; c:/ide/quartus/quartus/libraries/megafunctions/altdpram.inc          ;         ;
; db/altsyncram_6pj1.tdf           ; yes             ; Auto-Generated Megafunction              ; C:/Users/62358/Desktop/4/db/altsyncram_6pj1.tdf                      ;         ;
; db/altsyncram_42a2.tdf           ; yes             ; Auto-Generated Megafunction              ; C:/Users/62358/Desktop/4/db/altsyncram_42a2.tdf                      ;         ;
; ram.mif                          ; yes             ; Auto-Found Memory Initialization File    ; C:/Users/62358/Desktop/4/ram.mif                                     ;         ;
; sld_mod_ram_rom.vhd              ; yes             ; Encrypted Megafunction                   ; c:/ide/quartus/quartus/libraries/megafunctions/sld_mod_ram_rom.vhd   ;         ;
; sld_rom_sr.vhd                   ; yes             ; Encrypted Megafunction                   ; c:/ide/quartus/quartus/libraries/megafunctions/sld_rom_sr.vhd        ;         ;
; mult.bdf                         ; yes             ; Auto-Found Block Diagram/Schematic File  ; C:/Users/62358/Desktop/4/mult.bdf                                    ;         ;
; arraycell.bdf                    ; yes             ; Auto-Found Block Diagram/Schematic File  ; C:/Users/62358/Desktop/4/arraycell.bdf                               ;         ;
; allplus.bdf                      ; yes             ; Auto-Found Block Diagram/Schematic File  ; C:/Users/62358/Desktop/4/allplus.bdf                                 ;         ;
; lpm_divide.tdf                   ; yes             ; Megafunction                             ; c:/ide/quartus/quartus/libraries/megafunctions/lpm_divide.tdf        ;         ;
; abs_divider.inc                  ; yes             ; Megafunction                             ; c:/ide/quartus/quartus/libraries/megafunctions/abs_divider.inc       ;         ;
; sign_div_unsign.inc              ; yes             ; Megafunction                             ; c:/ide/quartus/quartus/libraries/megafunctions/sign_div_unsign.inc   ;         ;
; db/lpm_divide_tup.tdf            ; yes             ; Auto-Generated Megafunction              ; C:/Users/62358/Desktop/4/db/lpm_divide_tup.tdf                       ;         ;
; db/sign_div_unsign_fkh.tdf       ; yes             ; Auto-Generated Megafunction              ; C:/Users/62358/Desktop/4/db/sign_div_unsign_fkh.tdf                  ;         ;
; db/alt_u_div_i4f.tdf             ; yes             ; Auto-Generated Megafunction              ; C:/Users/62358/Desktop/4/db/alt_u_div_i4f.tdf                        ;         ;
; db/add_sub_7pc.tdf               ; yes             ; Auto-Generated Megafunction              ; C:/Users/62358/Desktop/4/db/add_sub_7pc.tdf                          ;         ;
; db/add_sub_8pc.tdf               ; yes             ; Auto-Generated Megafunction              ; C:/Users/62358/Desktop/4/db/add_sub_8pc.tdf                          ;         ;
; 74139.bdf                        ; yes             ; Megafunction                             ; c:/ide/quartus/quartus/libraries/others/maxplus2/74139.bdf           ;         ;
; sld_hub.vhd                      ; yes             ; Encrypted Megafunction                   ; c:/ide/quartus/quartus/libraries/megafunctions/sld_hub.vhd           ;         ;
; sld_jtag_hub.vhd                 ; yes             ; Encrypted Megafunction                   ; c:/ide/quartus/quartus/libraries/megafunctions/sld_jtag_hub.vhd      ;         ;
+----------------------------------+-----------------+------------------------------------------+----------------------------------------------------------------------+---------+


+------------------------------------------------------------------------+
; Analysis & Synthesis Resource Usage Summary                            ;
+---------------------------------------------+--------------------------+
; Resource                                    ; Usage                    ;
+---------------------------------------------+--------------------------+
; Estimated Total logic elements              ; 452                      ;
;                                             ;                          ;
; Total combinational functions               ; 399                      ;
; Logic element usage by number of LUT inputs ;                          ;
;     -- 4 input functions                    ; 218                      ;
;     -- 3 input functions                    ; 102                      ;
;     -- <=2 input functions                  ; 79                       ;
;                                             ;                          ;
; Logic elements by mode                      ;                          ;
;     -- normal mode                          ; 347                      ;
;     -- arithmetic mode                      ; 52                       ;
;                                             ;                          ;
; Total registers                             ; 156                      ;
;     -- Dedicated logic registers            ; 156                      ;
;     -- I/O registers                        ; 0                        ;
;                                             ;                          ;
; I/O pins                                    ; 54                       ;
; Total memory bits                           ; 2048                     ;
; Embedded Multiplier 9-bit elements          ; 0                        ;
; Maximum fan-out node                        ; altera_internal_jtag~TDO ;
; Maximum fan-out                             ; 146                      ;
; Total fan-out                               ; 2117                     ;
; Average fan-out                             ; 3.11                     ;
+---------------------------------------------+--------------------------+


+------------------------------------------------------------------------------------------------------------------------------------------------------------------------------------------------------------------------------------------------------------------------------------------------------------------------------------------------------------+
; Analysis & Synthesis Resource Utilization by Entity                                                                                                                                                                                                                                                                                                        ;
+---------------------------------------------------------------------+-------------------+--------------+-------------+--------------+---------+-----------+------+--------------+-----------------------------------------------------------------------------------------------------------------------------------------------------------+--------------+
; Compilation Hierarchy Node                                          ; LC Combinationals ; LC Registers ; Memory Bits ; DSP Elements ; DSP 9x9 ; DSP 18x18 ; Pins ; Virtual Pins ; Full Hierarchy Name                                                                                                                                       ; Library Name ;
+---------------------------------------------------------------------+-------------------+--------------+-------------+--------------+---------+-----------+------+--------------+-----------------------------------------------------------------------------------------------------------------------------------------------------------+--------------+
; |4                                                                  ; 399 (3)           ; 156 (1)      ; 2048        ; 0            ; 0       ; 0         ; 54   ; 0            ; |4                                                                                                                                                        ; work         ;
;    |74154:inst3|                                                    ; 1 (1)             ; 0 (0)        ; 0           ; 0            ; 0       ; 0         ; 0    ; 0            ; |4|74154:inst3                                                                                                                                            ; work         ;
;    |74273:inst17|                                                   ; 0 (0)             ; 8 (8)        ; 0           ; 0            ; 0       ; 0         ; 0    ; 0            ; |4|74273:inst17                                                                                                                                           ; work         ;
;    |74273:inst32|                                                   ; 0 (0)             ; 8 (8)        ; 0           ; 0            ; 0       ; 0         ; 0    ; 0            ; |4|74273:inst32                                                                                                                                           ; work         ;
;    |74273:inst44|                                                   ; 0 (0)             ; 8 (8)        ; 0           ; 0            ; 0       ; 0         ; 0    ; 0            ; |4|74273:inst44                                                                                                                                           ; work         ;
;    |74273:inst45|                                                   ; 0 (0)             ; 4 (4)        ; 0           ; 0            ; 0       ; 0         ; 0    ; 0            ; |4|74273:inst45                                                                                                                                           ; work         ;
;    |74273:inst46|                                                   ; 0 (0)             ; 8 (8)        ; 0           ; 0            ; 0       ; 0         ; 0    ; 0            ; |4|74273:inst46                                                                                                                                           ; work         ;
;    |RAM:inst14|                                                     ; 57 (0)            ; 34 (0)       ; 2048        ; 0            ; 0       ; 0         ; 0    ; 0            ; |4|RAM:inst14                                                                                                                                             ; work         ;
;       |altsyncram:altsyncram_component|                             ; 57 (0)            ; 34 (0)       ; 2048        ; 0            ; 0       ; 0         ; 0    ; 0            ; |4|RAM:inst14|altsyncram:altsyncram_component                                                                                                             ; work         ;
;          |altsyncram_6pj1:auto_generated|                           ; 57 (0)            ; 34 (0)       ; 2048        ; 0            ; 0       ; 0         ; 0    ; 0            ; |4|RAM:inst14|altsyncram:altsyncram_component|altsyncram_6pj1:auto_generated                                                                              ; work         ;
;             |altsyncram_42a2:altsyncram1|                           ; 0 (0)             ; 0 (0)        ; 2048        ; 0            ; 0       ; 0         ; 0    ; 0            ; |4|RAM:inst14|altsyncram:altsyncram_component|altsyncram_6pj1:auto_generated|altsyncram_42a2:altsyncram1                                                  ; work         ;
;             |sld_mod_ram_rom:mgl_prim2|                             ; 57 (34)           ; 34 (25)      ; 0           ; 0            ; 0       ; 0         ; 0    ; 0            ; |4|RAM:inst14|altsyncram:altsyncram_component|altsyncram_6pj1:auto_generated|sld_mod_ram_rom:mgl_prim2                                                    ; work         ;
;                |sld_rom_sr:\ram_rom_logic_gen:name_gen:info_rom_sr| ; 23 (23)           ; 9 (9)        ; 0           ; 0            ; 0       ; 0         ; 0    ; 0            ; |4|RAM:inst14|altsyncram:altsyncram_component|altsyncram_6pj1:auto_generated|sld_mod_ram_rom:mgl_prim2|sld_rom_sr:\ram_rom_logic_gen:name_gen:info_rom_sr ; work         ;
;    |alu:inst100|                                                    ; 35 (0)            ; 0 (0)        ; 0           ; 0            ; 0       ; 0         ; 0    ; 0            ; |4|alu:inst100                                                                                                                                            ; work         ;
;       |74181:inst1|                                                 ; 17 (17)           ; 0 (0)        ; 0           ; 0            ; 0       ; 0         ; 0    ; 0            ; |4|alu:inst100|74181:inst1                                                                                                                                ; work         ;
;       |74181:inst|                                                  ; 18 (18)           ; 0 (0)        ; 0           ; 0            ; 0       ; 0         ; 0    ; 0            ; |4|alu:inst100|74181:inst                                                                                                                                 ; work         ;
;    |choose:inst15|                                                  ; 19 (19)           ; 0 (0)        ; 0           ; 0            ; 0       ; 0         ; 0    ; 0            ; |4|choose:inst15                                                                                                                                          ; work         ;
;    |control:inst24|                                                 ; 32 (32)           ; 0 (0)        ; 0           ; 0            ; 0       ; 0         ; 0    ; 0            ; |4|control:inst24                                                                                                                                         ; work         ;
;    |div:inst20|                                                     ; 79 (0)            ; 0 (0)        ; 0           ; 0            ; 0       ; 0         ; 0    ; 0            ; |4|div:inst20                                                                                                                                             ; work         ;
;       |lpm_divide:LPM_DIVIDE_component|                             ; 79 (0)            ; 0 (0)        ; 0           ; 0            ; 0       ; 0         ; 0    ; 0            ; |4|div:inst20|lpm_divide:LPM_DIVIDE_component                                                                                                             ; work         ;
;          |lpm_divide_tup:auto_generated|                            ; 79 (0)            ; 0 (0)        ; 0           ; 0            ; 0       ; 0         ; 0    ; 0            ; |4|div:inst20|lpm_divide:LPM_DIVIDE_component|lpm_divide_tup:auto_generated                                                                               ; work         ;
;             |sign_div_unsign_fkh:divider|                           ; 79 (0)            ; 0 (0)        ; 0           ; 0            ; 0       ; 0         ; 0    ; 0            ; |4|div:inst20|lpm_divide:LPM_DIVIDE_component|lpm_divide_tup:auto_generated|sign_div_unsign_fkh:divider                                                   ; work         ;
;                |alt_u_div_i4f:divider|                              ; 79 (78)           ; 0 (0)        ; 0           ; 0            ; 0       ; 0         ; 0    ; 0            ; |4|div:inst20|lpm_divide:LPM_DIVIDE_component|lpm_divide_tup:auto_generated|sign_div_unsign_fkh:divider|alt_u_div_i4f:divider                             ; work         ;
;                   |add_sub_8pc:add_sub_1|                           ; 1 (1)             ; 0 (0)        ; 0           ; 0            ; 0       ; 0         ; 0    ; 0            ; |4|div:inst20|lpm_divide:LPM_DIVIDE_component|lpm_divide_tup:auto_generated|sign_div_unsign_fkh:divider|alt_u_div_i4f:divider|add_sub_8pc:add_sub_1       ; work         ;
;    |mult:inst16|                                                    ; 27 (0)            ; 0 (0)        ; 0           ; 0            ; 0       ; 0         ; 0    ; 0            ; |4|mult:inst16                                                                                                                                            ; work         ;
;       |arraycell:inst10|                                            ; 3 (1)             ; 0 (0)        ; 0           ; 0            ; 0       ; 0         ; 0    ; 0            ; |4|mult:inst16|arraycell:inst10                                                                                                                           ; work         ;
;          |allplus:inst|                                             ; 2 (2)             ; 0 (0)        ; 0           ; 0            ; 0       ; 0         ; 0    ; 0            ; |4|mult:inst16|arraycell:inst10|allplus:inst                                                                                                              ; work         ;
;       |arraycell:inst11|                                            ; 1 (0)             ; 0 (0)        ; 0           ; 0            ; 0       ; 0         ; 0    ; 0            ; |4|mult:inst16|arraycell:inst11                                                                                                                           ; work         ;
;          |allplus:inst|                                             ; 1 (1)             ; 0 (0)        ; 0           ; 0            ; 0       ; 0         ; 0    ; 0            ; |4|mult:inst16|arraycell:inst11|allplus:inst                                                                                                              ; work         ;
;       |arraycell:inst12|                                            ; 2 (0)             ; 0 (0)        ; 0           ; 0            ; 0       ; 0         ; 0    ; 0            ; |4|mult:inst16|arraycell:inst12                                                                                                                           ; work         ;
;          |allplus:inst|                                             ; 2 (2)             ; 0 (0)        ; 0           ; 0            ; 0       ; 0         ; 0    ; 0            ; |4|mult:inst16|arraycell:inst12|allplus:inst                                                                                                              ; work         ;
;       |arraycell:inst13|                                            ; 3 (1)             ; 0 (0)        ; 0           ; 0            ; 0       ; 0         ; 0    ; 0            ; |4|mult:inst16|arraycell:inst13                                                                                                                           ; work         ;
;          |allplus:inst|                                             ; 2 (2)             ; 0 (0)        ; 0           ; 0            ; 0       ; 0         ; 0    ; 0            ; |4|mult:inst16|arraycell:inst13|allplus:inst                                                                                                              ; work         ;
;       |arraycell:inst14|                                            ; 3 (1)             ; 0 (0)        ; 0           ; 0            ; 0       ; 0         ; 0    ; 0            ; |4|mult:inst16|arraycell:inst14                                                                                                                           ; work         ;
;          |allplus:inst|                                             ; 2 (2)             ; 0 (0)        ; 0           ; 0            ; 0       ; 0         ; 0    ; 0            ; |4|mult:inst16|arraycell:inst14|allplus:inst                                                                                                              ; work         ;
;       |arraycell:inst15|                                            ; 2 (1)             ; 0 (0)        ; 0           ; 0            ; 0       ; 0         ; 0    ; 0            ; |4|mult:inst16|arraycell:inst15                                                                                                                           ; work         ;
;          |allplus:inst|                                             ; 1 (1)             ; 0 (0)        ; 0           ; 0            ; 0       ; 0         ; 0    ; 0            ; |4|mult:inst16|arraycell:inst15|allplus:inst                                                                                                              ; work         ;
;       |arraycell:inst4|                                             ; 1 (1)             ; 0 (0)        ; 0           ; 0            ; 0       ; 0         ; 0    ; 0            ; |4|mult:inst16|arraycell:inst4                                                                                                                            ; work         ;
;       |arraycell:inst5|                                             ; 3 (1)             ; 0 (0)        ; 0           ; 0            ; 0       ; 0         ; 0    ; 0            ; |4|mult:inst16|arraycell:inst5                                                                                                                            ; work         ;
;          |allplus:inst|                                             ; 2 (2)             ; 0 (0)        ; 0           ; 0            ; 0       ; 0         ; 0    ; 0            ; |4|mult:inst16|arraycell:inst5|allplus:inst                                                                                                               ; work         ;
;       |arraycell:inst6|                                             ; 2 (0)             ; 0 (0)        ; 0           ; 0            ; 0       ; 0         ; 0    ; 0            ; |4|mult:inst16|arraycell:inst6                                                                                                                            ; work         ;
;          |allplus:inst|                                             ; 2 (2)             ; 0 (0)        ; 0           ; 0            ; 0       ; 0         ; 0    ; 0            ; |4|mult:inst16|arraycell:inst6|allplus:inst                                                                                                               ; work         ;
;       |arraycell:inst7|                                             ; 2 (0)             ; 0 (0)        ; 0           ; 0            ; 0       ; 0         ; 0    ; 0            ; |4|mult:inst16|arraycell:inst7                                                                                                                            ; work         ;
;          |allplus:inst|                                             ; 2 (2)             ; 0 (0)        ; 0           ; 0            ; 0       ; 0         ; 0    ; 0            ; |4|mult:inst16|arraycell:inst7|allplus:inst                                                                                                               ; work         ;
;       |arraycell:inst8|                                             ; 3 (1)             ; 0 (0)        ; 0           ; 0            ; 0       ; 0         ; 0    ; 0            ; |4|mult:inst16|arraycell:inst8                                                                                                                            ; work         ;
;          |allplus:inst|                                             ; 2 (2)             ; 0 (0)        ; 0           ; 0            ; 0       ; 0         ; 0    ; 0            ; |4|mult:inst16|arraycell:inst8|allplus:inst                                                                                                               ; work         ;
;       |arraycell:inst9|                                             ; 2 (0)             ; 0 (0)        ; 0           ; 0            ; 0       ; 0         ; 0    ; 0            ; |4|mult:inst16|arraycell:inst9                                                                                                                            ; work         ;
;          |allplus:inst|                                             ; 2 (2)             ; 0 (0)        ; 0           ; 0            ; 0       ; 0         ; 0    ; 0            ; |4|mult:inst16|arraycell:inst9|allplus:inst                                                                                                               ; work         ;
;    |select:inst1|                                                   ; 13 (13)           ; 0 (0)        ; 0           ; 0            ; 0       ; 0         ; 0    ; 0            ; |4|select:inst1                                                                                                                                           ; work         ;
;    |select:inst2|                                                   ; 8 (8)             ; 0 (0)        ; 0           ; 0            ; 0       ; 0         ; 0    ; 0            ; |4|select:inst2                                                                                                                                           ; work         ;
;    |sld_hub:auto_hub|                                               ; 113 (1)           ; 80 (0)       ; 0           ; 0            ; 0       ; 0         ; 0    ; 0            ; |4|sld_hub:auto_hub                                                                                                                                       ; work         ;
;       |sld_jtag_hub:\jtag_hub_gen:sld_jtag_hub_inst|                ; 112 (75)          ; 80 (52)      ; 0           ; 0            ; 0       ; 0         ; 0    ; 0            ; |4|sld_hub:auto_hub|sld_jtag_hub:\jtag_hub_gen:sld_jtag_hub_inst                                                                                          ; work         ;
;          |sld_rom_sr:hub_info_reg|                                  ; 20 (20)           ; 9 (9)        ; 0           ; 0            ; 0       ; 0         ; 0    ; 0            ; |4|sld_hub:auto_hub|sld_jtag_hub:\jtag_hub_gen:sld_jtag_hub_inst|sld_rom_sr:hub_info_reg                                                                  ; work         ;
;          |sld_shadow_jsm:shadow_jsm|                                ; 17 (17)           ; 19 (19)      ; 0           ; 0            ; 0       ; 0         ; 0    ; 0            ; |4|sld_hub:auto_hub|sld_jtag_hub:\jtag_hub_gen:sld_jtag_hub_inst|sld_shadow_jsm:shadow_jsm                                                                ; work         ;
;    |timing:inst996|                                                 ; 12 (1)            ; 5 (1)        ; 0           ; 0            ; 0       ; 0         ; 0    ; 0            ; |4|timing:inst996                                                                                                                                         ; work         ;
;       |74138:inst5|                                                 ; 5 (5)             ; 0 (0)        ; 0           ; 0            ; 0       ; 0         ; 0    ; 0            ; |4|timing:inst996|74138:inst5                                                                                                                             ; work         ;
;       |mod5:inst100|                                                ; 6 (2)             ; 4 (0)        ; 0           ; 0            ; 0       ; 0         ; 0    ; 0            ; |4|timing:inst996|mod5:inst100                                                                                                                            ; work         ;
;          |74161:inst|                                               ; 4 (0)             ; 4 (0)        ; 0           ; 0            ; 0       ; 0         ; 0    ; 0            ; |4|timing:inst996|mod5:inst100|74161:inst                                                                                                                 ; work         ;
;             |f74161:sub|                                            ; 4 (4)             ; 4 (4)        ; 0           ; 0            ; 0       ; 0         ; 0    ; 0            ; |4|timing:inst996|mod5:inst100|74161:inst|f74161:sub                                                                                                      ; work         ;
+---------------------------------------------------------------------+-------------------+--------------+-------------+--------------+---------+-----------+------+--------------+-----------------------------------------------------------------------------------------------------------------------------------------------------------+--------------+
Note: For table entries with two numbers listed, the numbers in parentheses indicate the number of resources of the given type used by the specific entity alone. The numbers listed outside of parentheses indicate the total resources of the given type used by the specific entity and all of its sub-entities in the hierarchy.


+-----------------------------------------------------------------------------------------------------------------------------------------------------------------------------------------------------------------------+
; Analysis & Synthesis RAM Summary                                                                                                                                                                                      ;
+------------------------------------------------------------------------------------------------------------------+------+----------------+--------------+--------------+--------------+--------------+------+---------+
; Name                                                                                                             ; Type ; Mode           ; Port A Depth ; Port A Width ; Port B Depth ; Port B Width ; Size ; MIF     ;
+------------------------------------------------------------------------------------------------------------------+------+----------------+--------------+--------------+--------------+--------------+------+---------+
; RAM:inst14|altsyncram:altsyncram_component|altsyncram_6pj1:auto_generated|altsyncram_42a2:altsyncram1|ALTSYNCRAM ; AUTO ; True Dual Port ; 256          ; 8            ; 256          ; 8            ; 2048 ; RAM.mif ;
+------------------------------------------------------------------------------------------------------------------+------+----------------+--------------+--------------+--------------+--------------+------+---------+


+--------------------------------------------------------------------------------------------------------------------+
; Analysis & Synthesis IP Cores Summary                                                                              ;
+--------+--------------+---------+--------------+--------------+-----------------+----------------------------------+
; Vendor ; IP Core Name ; Version ; Release Date ; License Type ; Entity Instance ; IP Include File                  ;
+--------+--------------+---------+--------------+--------------+-----------------+----------------------------------+
; Altera ; RAM: 1-PORT  ; N/A     ; N/A          ; N/A          ; |4|RAM:inst14   ; C:/Users/62358/Desktop/4/ram.vhd ;
; Altera ; LPM_DIVIDE   ; 13.0    ; N/A          ; N/A          ; |4|div:inst20   ; C:/Users/62358/Desktop/4/div.vhd ;
+--------+--------------+---------+--------------+--------------+-----------------+----------------------------------+


+-----------------------------------------------------------------------------------------------------------------------------------------------------------------------------+
; Registers Removed During Synthesis                                                                                                                                          ;
+------------------------------------------------------------------------------------------------------------------------------------+----------------------------------------+
; Register name                                                                                                                      ; Reason for Removal                     ;
+------------------------------------------------------------------------------------------------------------------------------------+----------------------------------------+
; RAM:inst14|altsyncram:altsyncram_component|altsyncram_6pj1:auto_generated|sld_mod_ram_rom:mgl_prim2|ram_rom_data_shift_cntr_reg[3] ; Stuck at GND due to stuck port data_in ;
; Total Number of Removed Registers = 1                                                                                              ;                                        ;
+------------------------------------------------------------------------------------------------------------------------------------+----------------------------------------+


+------------------------------------------------------+
; General Register Statistics                          ;
+----------------------------------------------+-------+
; Statistic                                    ; Value ;
+----------------------------------------------+-------+
; Total registers                              ; 156   ;
; Number of registers using Synchronous Clear  ; 17    ;
; Number of registers using Synchronous Load   ; 19    ;
; Number of registers using Asynchronous Clear ; 86    ;
; Number of registers using Asynchronous Load  ; 0     ;
; Number of registers using Clock Enable       ; 83    ;
; Number of registers using Preset             ; 0     ;
+----------------------------------------------+-------+


+----------------------------------------------------------------------------------------+
; Inverted Register Statistics                                                           ;
+------------------------------------------------------------------------------+---------+
; Inverted Register                                                            ; Fan out ;
+------------------------------------------------------------------------------+---------+
; sld_hub:auto_hub|sld_jtag_hub:\jtag_hub_gen:sld_jtag_hub_inst|tdo            ; 1       ;
; sld_hub:auto_hub|sld_jtag_hub:\jtag_hub_gen:sld_jtag_hub_inst|jtag_ir_reg[2] ; 2       ;
; sld_hub:auto_hub|sld_jtag_hub:\jtag_hub_gen:sld_jtag_hub_inst|jtag_ir_reg[1] ; 3       ;
; Total number of inverted registers = 3                                       ;         ;
+------------------------------------------------------------------------------+---------+


+-----------------------------------------------------------------------------------------------------------------------------------------------------------------------------------------------------------------------------------------------------------------------------------------+
; Multiplexer Restructuring Statistics (Restructuring Performed)                                                                                                                                                                                                                          ;
+--------------------+-----------+---------------+----------------------+------------------------+------------+---------------------------------------------------------------------------------------------------------------------------------------------------------------------------+
; Multiplexer Inputs ; Bus Width ; Baseline Area ; Area if Restructured ; Saving if Restructured ; Registered ; Example Multiplexer Output                                                                                                                                                ;
+--------------------+-----------+---------------+----------------------+------------------------+------------+---------------------------------------------------------------------------------------------------------------------------------------------------------------------------+
; 3:1                ; 4 bits    ; 8 LEs         ; 4 LEs                ; 4 LEs                  ; Yes        ; |4|RAM:inst14|altsyncram:altsyncram_component|altsyncram_6pj1:auto_generated|sld_mod_ram_rom:mgl_prim2|ram_rom_data_shift_cntr_reg[0]                                     ;
; 3:1                ; 8 bits    ; 16 LEs        ; 8 LEs                ; 8 LEs                  ; Yes        ; |4|RAM:inst14|altsyncram:altsyncram_component|altsyncram_6pj1:auto_generated|sld_mod_ram_rom:mgl_prim2|ram_rom_data_reg[1]                                                ;
; 3:1                ; 8 bits    ; 16 LEs        ; 8 LEs                ; 8 LEs                  ; Yes        ; |4|RAM:inst14|altsyncram:altsyncram_component|altsyncram_6pj1:auto_generated|sld_mod_ram_rom:mgl_prim2|ram_rom_addr_reg[1]                                                ;
; 5:1                ; 5 bits    ; 15 LEs        ; 5 LEs                ; 10 LEs                 ; Yes        ; |4|RAM:inst14|altsyncram:altsyncram_component|altsyncram_6pj1:auto_generated|sld_mod_ram_rom:mgl_prim2|sld_rom_sr:\ram_rom_logic_gen:name_gen:info_rom_sr|word_counter[4] ;
; 24:1               ; 4 bits    ; 64 LEs        ; 48 LEs               ; 16 LEs                 ; Yes        ; |4|RAM:inst14|altsyncram:altsyncram_component|altsyncram_6pj1:auto_generated|sld_mod_ram_rom:mgl_prim2|sld_rom_sr:\ram_rom_logic_gen:name_gen:info_rom_sr|WORD_SR[3]      ;
+--------------------+-----------+---------------+----------------------+------------------------+------------+---------------------------------------------------------------------------------------------------------------------------------------------------------------------------+


+------------------------------------------------------------------------------------------------------------------------------+
; Source assignments for RAM:inst14|altsyncram:altsyncram_component|altsyncram_6pj1:auto_generated|altsyncram_42a2:altsyncram1 ;
+---------------------------------+--------------------+------+----------------------------------------------------------------+
; Assignment                      ; Value              ; From ; To                                                             ;
+---------------------------------+--------------------+------+----------------------------------------------------------------+
; OPTIMIZE_POWER_DURING_SYNTHESIS ; NORMAL_COMPILATION ; -    ; -                                                              ;
+---------------------------------+--------------------+------+----------------------------------------------------------------+


+-------------------------------------------------------------------------------------+
; Parameter Settings for User Entity Instance: timing:inst996|mod5:inst100|74161:inst ;
+------------------------+-------------+----------------------------------------------+
; Parameter Name         ; Value       ; Type                                         ;
+------------------------+-------------+----------------------------------------------+
; DEVICE_FAMILY          ; Cyclone III ; Untyped                                      ;
; AUTO_CARRY_CHAINS      ; ON          ; AUTO_CARRY                                   ;
; IGNORE_CARRY_BUFFERS   ; OFF         ; IGNORE_CARRY                                 ;
; AUTO_CASCADE_CHAINS    ; ON          ; AUTO_CASCADE                                 ;
; IGNORE_CASCADE_BUFFERS ; OFF         ; IGNORE_CASCADE                               ;
+------------------------+-------------+----------------------------------------------+
Note: In order to hide this table in the UI and the text report file, please set the "Show Parameter Settings in Synthesis Report" option in "Analysis and Synthesis Settings -> More Settings" to "Off".


+-----------------------------------------------------------------------------------------+
; Parameter Settings for User Entity Instance: RAM:inst14|altsyncram:altsyncram_component ;
+------------------------------------+----------------------+-----------------------------+
; Parameter Name                     ; Value                ; Type                        ;
+------------------------------------+----------------------+-----------------------------+
; BYTE_SIZE_BLOCK                    ; 8                    ; Untyped                     ;
; AUTO_CARRY_CHAINS                  ; ON                   ; AUTO_CARRY                  ;
; IGNORE_CARRY_BUFFERS               ; OFF                  ; IGNORE_CARRY                ;
; AUTO_CASCADE_CHAINS                ; ON                   ; AUTO_CASCADE                ;
; IGNORE_CASCADE_BUFFERS             ; OFF                  ; IGNORE_CASCADE              ;
; WIDTH_BYTEENA                      ; 1                    ; Untyped                     ;
; OPERATION_MODE                     ; SINGLE_PORT          ; Untyped                     ;
; WIDTH_A                            ; 8                    ; Signed Integer              ;
; WIDTHAD_A                          ; 8                    ; Signed Integer              ;
; NUMWORDS_A                         ; 256                  ; Signed Integer              ;
; OUTDATA_REG_A                      ; UNREGISTERED         ; Untyped                     ;
; ADDRESS_ACLR_A                     ; NONE                 ; Untyped                     ;
; OUTDATA_ACLR_A                     ; NONE                 ; Untyped                     ;
; WRCONTROL_ACLR_A                   ; NONE                 ; Untyped                     ;
; INDATA_ACLR_A                      ; NONE                 ; Untyped                     ;
; BYTEENA_ACLR_A                     ; NONE                 ; Untyped                     ;
; WIDTH_B                            ; 1                    ; Untyped                     ;
; WIDTHAD_B                          ; 1                    ; Untyped                     ;
; NUMWORDS_B                         ; 1                    ; Untyped                     ;
; INDATA_REG_B                       ; CLOCK1               ; Untyped                     ;
; WRCONTROL_WRADDRESS_REG_B          ; CLOCK1               ; Untyped                     ;
; RDCONTROL_REG_B                    ; CLOCK1               ; Untyped                     ;
; ADDRESS_REG_B                      ; CLOCK1               ; Untyped                     ;
; OUTDATA_REG_B                      ; UNREGISTERED         ; Untyped                     ;
; BYTEENA_REG_B                      ; CLOCK1               ; Untyped                     ;
; INDATA_ACLR_B                      ; NONE                 ; Untyped                     ;
; WRCONTROL_ACLR_B                   ; NONE                 ; Untyped                     ;
; ADDRESS_ACLR_B                     ; NONE                 ; Untyped                     ;
; OUTDATA_ACLR_B                     ; NONE                 ; Untyped                     ;
; RDCONTROL_ACLR_B                   ; NONE                 ; Untyped                     ;
; BYTEENA_ACLR_B                     ; NONE                 ; Untyped                     ;
; WIDTH_BYTEENA_A                    ; 1                    ; Signed Integer              ;
; WIDTH_BYTEENA_B                    ; 1                    ; Untyped                     ;
; RAM_BLOCK_TYPE                     ; AUTO                 ; Untyped                     ;
; BYTE_SIZE                          ; 8                    ; Untyped                     ;
; READ_DURING_WRITE_MODE_MIXED_PORTS ; DONT_CARE            ; Untyped                     ;
; READ_DURING_WRITE_MODE_PORT_A      ; NEW_DATA_NO_NBE_READ ; Untyped                     ;
; READ_DURING_WRITE_MODE_PORT_B      ; NEW_DATA_NO_NBE_READ ; Untyped                     ;
; INIT_FILE                          ; RAM.mif              ; Untyped                     ;
; INIT_FILE_LAYOUT                   ; PORT_A               ; Untyped                     ;
; MAXIMUM_DEPTH                      ; 0                    ; Untyped                     ;
; CLOCK_ENABLE_INPUT_A               ; BYPASS               ; Untyped                     ;
; CLOCK_ENABLE_INPUT_B               ; NORMAL               ; Untyped                     ;
; CLOCK_ENABLE_OUTPUT_A              ; BYPASS               ; Untyped                     ;
; CLOCK_ENABLE_OUTPUT_B              ; NORMAL               ; Untyped                     ;
; CLOCK_ENABLE_CORE_A                ; USE_INPUT_CLKEN      ; Untyped                     ;
; CLOCK_ENABLE_CORE_B                ; USE_INPUT_CLKEN      ; Untyped                     ;
; ENABLE_ECC                         ; FALSE                ; Untyped                     ;
; ECC_PIPELINE_STAGE_ENABLED         ; FALSE                ; Untyped                     ;
; WIDTH_ECCSTATUS                    ; 3                    ; Untyped                     ;
; DEVICE_FAMILY                      ; Cyclone III          ; Untyped                     ;
; CBXI_PARAMETER                     ; altsyncram_6pj1      ; Untyped                     ;
+------------------------------------+----------------------+-----------------------------+
Note: In order to hide this table in the UI and the text report file, please set the "Show Parameter Settings in Synthesis Report" option in "Analysis and Synthesis Settings -> More Settings" to "Off".


+-----------------------------------------------------------------------------------------+
; Parameter Settings for User Entity Instance: div:inst20|lpm_divide:LPM_DIVIDE_component ;
+------------------------+----------------+-----------------------------------------------+
; Parameter Name         ; Value          ; Type                                          ;
+------------------------+----------------+-----------------------------------------------+
; LPM_WIDTHN             ; 8              ; Signed Integer                                ;
; LPM_WIDTHD             ; 8              ; Signed Integer                                ;
; LPM_NREPRESENTATION    ; UNSIGNED       ; Untyped                                       ;
; LPM_DREPRESENTATION    ; UNSIGNED       ; Untyped                                       ;
; LPM_PIPELINE           ; 0              ; Untyped                                       ;
; LPM_REMAINDERPOSITIVE  ; TRUE           ; Untyped                                       ;
; MAXIMIZE_SPEED         ; 5              ; Untyped                                       ;
; CBXI_PARAMETER         ; lpm_divide_tup ; Untyped                                       ;
; CARRY_CHAIN            ; MANUAL         ; Untyped                                       ;
; OPTIMIZE_FOR_SPEED     ; 5              ; Untyped                                       ;
; AUTO_CARRY_CHAINS      ; ON             ; AUTO_CARRY                                    ;
; IGNORE_CARRY_BUFFERS   ; OFF            ; IGNORE_CARRY                                  ;
; AUTO_CASCADE_CHAINS    ; ON             ; AUTO_CASCADE                                  ;
; IGNORE_CASCADE_BUFFERS ; OFF            ; IGNORE_CASCADE                                ;
+------------------------+----------------+-----------------------------------------------+
Note: In order to hide this table in the UI and the text report file, please set the "Show Parameter Settings in Synthesis Report" option in "Analysis and Synthesis Settings -> More Settings" to "Off".


+----------------------------------------------------------------------------------------+
; altsyncram Parameter Settings by Entity Instance                                       ;
+-------------------------------------------+--------------------------------------------+
; Name                                      ; Value                                      ;
+-------------------------------------------+--------------------------------------------+
; Number of entity instances                ; 1                                          ;
; Entity Instance                           ; RAM:inst14|altsyncram:altsyncram_component ;
;     -- OPERATION_MODE                     ; SINGLE_PORT                                ;
;     -- WIDTH_A                            ; 8                                          ;
;     -- NUMWORDS_A                         ; 256                                        ;
;     -- OUTDATA_REG_A                      ; UNREGISTERED                               ;
;     -- WIDTH_B                            ; 1                                          ;
;     -- NUMWORDS_B                         ; 1                                          ;
;     -- ADDRESS_REG_B                      ; CLOCK1                                     ;
;     -- OUTDATA_REG_B                      ; UNREGISTERED                               ;
;     -- RAM_BLOCK_TYPE                     ; AUTO                                       ;
;     -- READ_DURING_WRITE_MODE_MIXED_PORTS ; DONT_CARE                                  ;
+-------------------------------------------+--------------------------------------------+


+---------------------------------------------------------------------------------------------------------------------------------------+
; In-System Memory Content Editor Settings                                                                                              ;
+----------------+-------------+-------+-------+------------+---------------------------------------------------------------------------+
; Instance Index ; Instance ID ; Width ; Depth ; Mode       ; Hierarchy Location                                                        ;
+----------------+-------------+-------+-------+------------+---------------------------------------------------------------------------+
; 0              ; RAM         ; 8     ; 256   ; Read/Write ; RAM:inst14|altsyncram:altsyncram_component|altsyncram_6pj1:auto_generated ;
+----------------+-------------+-------+-------+------------+---------------------------------------------------------------------------+


+-------------------------------+
; Elapsed Time Per Partition    ;
+----------------+--------------+
; Partition Name ; Elapsed Time ;
+----------------+--------------+
; Top            ; 00:00:02     ;
+----------------+--------------+


+-------------------------------+
; Analysis & Synthesis Messages ;
+-------------------------------+
Info: *******************************************************************
Info: Running Quartus II 64-Bit Analysis & Synthesis
    Info: Version 13.0.1 Build 232 06/12/2013 Service Pack 1 SJ Full Version
    Info: Processing started: Wed Nov 20 19:16:08 2019
Info: Command: quartus_map --read_settings_files=on --write_settings_files=off 4 -c 4_qsim
Info (11104): Parallel Compilation has detected 8 hyper-threaded processors. However, the extra hyper-threaded processors will not be used by default. Parallel Compilation will use 4 of the 4 physical processors detected instead.
Info (12021): Found 2 design units, including 1 entities, in source file mul.vhd
    Info (12022): Found design unit 1: mul-SYN
    Info (12023): Found entity 1: mul
Info (12021): Found 2 design units, including 1 entities, in source file div.vhd
    Info (12022): Found design unit 1: div-SYN
    Info (12023): Found entity 1: div
Warning (12125): Using design file 4.bdf, which is not specified as a design file for the current project, but contains definitions for 1 design units and 1 entities in project
    Info (12023): Found entity 1: 4
Info (12127): Elaborating entity "4" for the top level hierarchy
Warning (12125): Using design file control.bdf, which is not specified as a design file for the current project, but contains definitions for 1 design units and 1 entities in project
    Info (12023): Found entity 1: control
Info (12128): Elaborating entity "control" for hierarchy "control:inst24"
Warning (12125): Using design file timing.bdf, which is not specified as a design file for the current project, but contains definitions for 1 design units and 1 entities in project
    Info (12023): Found entity 1: timing
Info (12128): Elaborating entity "timing" for hierarchy "timing:inst996"
Info (12128): Elaborating entity "74138" for hierarchy "timing:inst996|74138:inst5"
Info (12130): Elaborated megafunction instantiation "timing:inst996|74138:inst5"
Warning (12125): Using design file mod5.bdf, which is not specified as a design file for the current project, but contains definitions for 1 design units and 1 entities in project
    Info (12023): Found entity 1: mod5
Info (12128): Elaborating entity "mod5" for hierarchy "timing:inst996|mod5:inst100"
Info (12128): Elaborating entity "74161" for hierarchy "timing:inst996|mod5:inst100|74161:inst"
Info (12130): Elaborated megafunction instantiation "timing:inst996|mod5:inst100|74161:inst"
Info (12128): Elaborating entity "f74161" for hierarchy "timing:inst996|mod5:inst100|74161:inst|f74161:sub"
Info (12131): Elaborated megafunction instantiation "timing:inst996|mod5:inst100|74161:inst|f74161:sub", which is child of megafunction instantiation "timing:inst996|mod5:inst100|74161:inst"
Info (12128): Elaborating entity "74154" for hierarchy "74154:inst3"
Info (12130): Elaborated megafunction instantiation "74154:inst3"
Info (12128): Elaborating entity "74273" for hierarchy "74273:inst45"
Info (12130): Elaborated megafunction instantiation "74273:inst45"
Warning (12125): Using design file choose.bdf, which is not specified as a design file for the current project, but contains definitions for 1 design units and 1 entities in project
    Info (12023): Found entity 1: choose
Info (12128): Elaborating entity "choose" for hierarchy "choose:inst15"
Warning (12125): Using design file alu.bdf, which is not specified as a design file for the current project, but contains definitions for 1 design units and 1 entities in project
    Info (12023): Found entity 1: alu
Info (12128): Elaborating entity "alu" for hierarchy "alu:inst100"
Info (12128): Elaborating entity "74181" for hierarchy "alu:inst100|74181:inst"
Info (12130): Elaborated megafunction instantiation "alu:inst100|74181:inst"
Warning (12125): Using design file select.bdf, which is not specified as a design file for the current project, but contains definitions for 1 design units and 1 entities in project
    Info (12023): Found entity 1: select
Info (12128): Elaborating entity "select" for hierarchy "select:inst1"
Warning (12125): Using design file ram.vhd, which is not specified as a design file for the current project, but contains definitions for 2 design units and 1 entities in project
    Info (12022): Found design unit 1: ram-SYN
    Info (12023): Found entity 1: RAM
Info (12128): Elaborating entity "RAM" for hierarchy "RAM:inst14"
Info (12128): Elaborating entity "altsyncram" for hierarchy "RAM:inst14|altsyncram:altsyncram_component"
Info (12130): Elaborated megafunction instantiation "RAM:inst14|altsyncram:altsyncram_component"
Info (12133): Instantiated megafunction "RAM:inst14|altsyncram:altsyncram_component" with the following parameter:
    Info (12134): Parameter "clock_enable_input_a" = "BYPASS"
    Info (12134): Parameter "clock_enable_output_a" = "BYPASS"
    Info (12134): Parameter "init_file" = "RAM.mif"
    Info (12134): Parameter "intended_device_family" = "Cyclone IV E"
    Info (12134): Parameter "lpm_hint" = "ENABLE_RUNTIME_MOD=YES,INSTANCE_NAME=RAM"
    Info (12134): Parameter "lpm_type" = "altsyncram"
    Info (12134): Parameter "numwords_a" = "256"
    Info (12134): Parameter "operation_mode" = "SINGLE_PORT"
    Info (12134): Parameter "outdata_aclr_a" = "NONE"
    Info (12134): Parameter "outdata_reg_a" = "UNREGISTERED"
    Info (12134): Parameter "power_up_uninitialized" = "FALSE"
    Info (12134): Parameter "read_during_write_mode_port_a" = "NEW_DATA_NO_NBE_READ"
    Info (12134): Parameter "widthad_a" = "8"
    Info (12134): Parameter "width_a" = "8"
    Info (12134): Parameter "width_byteena_a" = "1"
Info (12021): Found 1 design units, including 1 entities, in source file db/altsyncram_6pj1.tdf
    Info (12023): Found entity 1: altsyncram_6pj1
Info (12128): Elaborating entity "altsyncram_6pj1" for hierarchy "RAM:inst14|altsyncram:altsyncram_component|altsyncram_6pj1:auto_generated"
Info (12021): Found 1 design units, including 1 entities, in source file db/altsyncram_42a2.tdf
    Info (12023): Found entity 1: altsyncram_42a2
Info (12128): Elaborating entity "altsyncram_42a2" for hierarchy "RAM:inst14|altsyncram:altsyncram_component|altsyncram_6pj1:auto_generated|altsyncram_42a2:altsyncram1"
Info (12128): Elaborating entity "sld_mod_ram_rom" for hierarchy "RAM:inst14|altsyncram:altsyncram_component|altsyncram_6pj1:auto_generated|sld_mod_ram_rom:mgl_prim2"
Info (12130): Elaborated megafunction instantiation "RAM:inst14|altsyncram:altsyncram_component|altsyncram_6pj1:auto_generated|sld_mod_ram_rom:mgl_prim2"
Info (12133): Instantiated megafunction "RAM:inst14|altsyncram:altsyncram_component|altsyncram_6pj1:auto_generated|sld_mod_ram_rom:mgl_prim2" with the following parameter:
    Info (12134): Parameter "CVALUE" = "00000000"
    Info (12134): Parameter "IS_DATA_IN_RAM" = "1"
    Info (12134): Parameter "IS_READABLE" = "1"
    Info (12134): Parameter "NODE_NAME" = "1380011264"
    Info (12134): Parameter "NUMWORDS" = "256"
    Info (12134): Parameter "SHIFT_COUNT_BITS" = "4"
    Info (12134): Parameter "WIDTH_WORD" = "8"
    Info (12134): Parameter "WIDTHAD" = "8"
Info (12128): Elaborating entity "sld_rom_sr" for hierarchy "RAM:inst14|altsyncram:altsyncram_component|altsyncram_6pj1:auto_generated|sld_mod_ram_rom:mgl_prim2|sld_rom_sr:\ram_rom_logic_gen:name_gen:info_rom_sr"
Warning (12125): Using design file mult.bdf, which is not specified as a design file for the current project, but contains definitions for 1 design units and 1 entities in project
    Info (12023): Found entity 1: mult
Info (12128): Elaborating entity "mult" for hierarchy "mult:inst16"
Warning (12125): Using design file arraycell.bdf, which is not specified as a design file for the current project, but contains definitions for 1 design units and 1 entities in project
    Info (12023): Found entity 1: arraycell
Info (12128): Elaborating entity "arraycell" for hierarchy "mult:inst16|arraycell:inst3"
Warning (12125): Using design file allplus.bdf, which is not specified as a design file for the current project, but contains definitions for 1 design units and 1 entities in project
    Info (12023): Found entity 1: allplus
Info (12128): Elaborating entity "allplus" for hierarchy "mult:inst16|arraycell:inst3|allplus:inst"
Info (12128): Elaborating entity "div" for hierarchy "div:inst20"
Info (12128): Elaborating entity "lpm_divide" for hierarchy "div:inst20|lpm_divide:LPM_DIVIDE_component"
Info (12130): Elaborated megafunction instantiation "div:inst20|lpm_divide:LPM_DIVIDE_component"
Info (12133): Instantiated megafunction "div:inst20|lpm_divide:LPM_DIVIDE_component" with the following parameter:
    Info (12134): Parameter "lpm_drepresentation" = "UNSIGNED"
    Info (12134): Parameter "lpm_hint" = "LPM_REMAINDERPOSITIVE=TRUE"
    Info (12134): Parameter "lpm_nrepresentation" = "UNSIGNED"
    Info (12134): Parameter "lpm_type" = "LPM_DIVIDE"
    Info (12134): Parameter "lpm_widthd" = "8"
    Info (12134): Parameter "lpm_widthn" = "8"
Info (12021): Found 1 design units, including 1 entities, in source file db/lpm_divide_tup.tdf
    Info (12023): Found entity 1: lpm_divide_tup
Info (12128): Elaborating entity "lpm_divide_tup" for hierarchy "div:inst20|lpm_divide:LPM_DIVIDE_component|lpm_divide_tup:auto_generated"
Info (12021): Found 1 design units, including 1 entities, in source file db/sign_div_unsign_fkh.tdf
    Info (12023): Found entity 1: sign_div_unsign_fkh
Info (12128): Elaborating entity "sign_div_unsign_fkh" for hierarchy "div:inst20|lpm_divide:LPM_DIVIDE_component|lpm_divide_tup:auto_generated|sign_div_unsign_fkh:divider"
Info (12021): Found 1 design units, including 1 entities, in source file db/alt_u_div_i4f.tdf
    Info (12023): Found entity 1: alt_u_div_i4f
Info (12128): Elaborating entity "alt_u_div_i4f" for hierarchy "div:inst20|lpm_divide:LPM_DIVIDE_component|lpm_divide_tup:auto_generated|sign_div_unsign_fkh:divider|alt_u_div_i4f:divider"
Info (12021): Found 1 design units, including 1 entities, in source file db/add_sub_7pc.tdf
    Info (12023): Found entity 1: add_sub_7pc
Info (12128): Elaborating entity "add_sub_7pc" for hierarchy "div:inst20|lpm_divide:LPM_DIVIDE_component|lpm_divide_tup:auto_generated|sign_div_unsign_fkh:divider|alt_u_div_i4f:divider|add_sub_7pc:add_sub_0"
Info (12021): Found 1 design units, including 1 entities, in source file db/add_sub_8pc.tdf
    Info (12023): Found entity 1: add_sub_8pc
Info (12128): Elaborating entity "add_sub_8pc" for hierarchy "div:inst20|lpm_divide:LPM_DIVIDE_component|lpm_divide_tup:auto_generated|sign_div_unsign_fkh:divider|alt_u_div_i4f:divider|add_sub_8pc:add_sub_1"
Info (12128): Elaborating entity "74139" for hierarchy "74139:inst21"
Info (12130): Elaborated megafunction instantiation "74139:inst21"
Info (13014): Ignored 33 buffer(s)
    Info (13015): Ignored 3 CARRY buffer(s)
    Info (13019): Ignored 30 SOFT buffer(s)
Warning (13024): Output pins are stuck at VCC or GND
    Warning (13410): Pin "S3" is stuck at VCC
Info (286031): Timing-Driven Synthesis is running on partition "Top"
Info (16010): Generating hard_block partition "hard_block:auto_generated_inst"
    Info (16011): Adding 0 node(s), including 0 DDIO, 0 PLL, 0 transceiver and 0 LCELL
Info (21057): Implemented 531 device resources after synthesis - the final resource count might be different
    Info (21058): Implemented 6 input pins
    Info (21059): Implemented 52 output pins
    Info (21061): Implemented 464 logic cells
    Info (21064): Implemented 8 RAM segments
Info: Quartus II 64-Bit Analysis & Synthesis was successful. 0 errors, 13 warnings
    Info: Peak virtual memory: 4678 megabytes
    Info: Processing ended: Wed Nov 20 19:16:19 2019
    Info: Elapsed time: 00:00:11
    Info: Total CPU time (on all processors): 00:00:11


